app-office/karbon
app-office/kexi
app-office/koffice-data
app-office/koffice-libs
app-office/koffice-meta
app-office/kplato
app-office/kpresenter
app-office/krita
app-office/kspread
app-office/kword
app-shells/zsh
app-text/asciidoc
app-text/dictd
app-text/sword
dev-perl/Audio-MPD
dev-perl/Audio-Ofa-Util
dev-perl/Catalyst-ActionRole-ACL
dev-perl/Catalyst-Authentication-Credential-HTTP
dev-perl/Catalyst-Authentication-Store-DBIx-Class
dev-perl/Catalyst-Authentication-Store-LDAP
dev-perl/Catalyst-Controller-HTML-FormFu
dev-perl/Catalyst-Controller-RequestToken
dev-perl/Catalyst-Engine-HTTP-Prefork
dev-perl/Catalyst-Model-KiokuDB
dev-perl/Catalyst-Plugin-Authentication
dev-perl/Catalyst-Plugin-ErrorCatcher
dev-perl/Catalyst-Plugin-Session
dev-perl/Catalyst-Plugin-Session-PerUser
dev-perl/Catalyst-Plugin-Session-State-Cookie
dev-perl/Catalyst-Plugin-Session-State-Stash
dev-perl/Catalyst-Plugin-Session-State-URI
dev-perl/Catalyst-Plugin-Session-Store-BerkeleyDB
dev-perl/Catalyst-Plugin-Session-Store-Cache
dev-perl/Catalyst-Plugin-Session-Store-DBI
dev-perl/Catalyst-Plugin-Session-Store-DBIC
dev-perl/Catalyst-Plugin-Session-Store-Delegate
dev-perl/Catalyst-Plugin-Session-Store-FastMmap
dev-perl/Catalyst-Plugin-Session-Store-File
dev-perl/CatalystX-SimpleLogin
dev-perl/Cave-Wrapper
dev-perl/CPAN-Inject
dev-perl/KinoSearch1
dev-perl/MojoMojo
dev-perl/perl5i
dev-perl/pip
dev-perl/Task-Catalyst
dev-perl/WebService-MusicBrainz
kde-base/kdebindings-perl
kde-base/smoke
kde-misc/kim4
media-gfx/digikam
media-gfx/fbida
media-gfx/imagemagick
media-gfx/inkscape
media-plugins/kipi-plugins
media-sound/lilypond
net-libs/webkit-gtk
perl-gcpanp/WWW-Pastebin-PastebinCa-Create
perl-gcpanp/WWW-Pastebin-PastieCabooSe-Retrieve
