app-accessibility/at-spi2-core:2
app-accessibility/caribou:0
app-admin/python-updater:0
app-admin/syslog-ng:0
app-admin/system-config-printer-common:0
app-cdr/k3b:4
app-crypt/gnupg:0
app-editors/gvim:0
app-editors/scite:0
app-editors/vim:0
app-emulation/virtualbox:0
app-emulation/wine:0
app-i18n/scim:0
app-misc/ca-certificates:0
app-misc/strigi:0
app-mobilephone/obex-data-server:0
app-mobilephone/obexd:0
app-office/dia:0
app-office/kword:2
app-pda/gtkpod:0
app-pda/libimobiledevice:0
app-pda/libplist:0
app-portage/gentoolkit-dev:0
app-portage/gentoolkit:0
app-portage/layman:0
app-portage/metagen:0
app-text/asciidoc:0
app-text/bibletime:0
app-text/ebook-tools:0
app-text/enchant:0
app-text/evince:0
app-text/mftrace:1
app-text/poppler:0
app-text/rarian:0
app-text/scrollkeeper-dtd:1.0
app-text/sword:0
dev-cpp/ctemplate:0
dev-cpp/glibmm:2
dev-cpp/gtest:0
dev-db/mysql-workbench:0
dev-db/mysql:0
dev-db/postgresql-server:9.1
dev-db/virtuoso-server:0
dev-java/ant-core:0
dev-java/ant-nodeps:0
dev-java/apt-mirror:0
dev-java/asm:3.999
dev-java/asm:4
dev-java/bcmail:0
dev-java/bcprov:0
dev-java/icedtea-bin:7
dev-java/itext:0
dev-java/java-config:2
dev-java/javatoolkit:0
dev-java/jinput:0
dev-java/junit:0
dev-java/jutils:0
dev-java/lwjgl:2.7
dev-java/lwjgl:2.8
dev-java/sun-jaf:0
dev-java/sun-javamail:0
dev-java/swt:3.5
dev-java/swt:3.7
dev-lang/ghc:0
dev-lang/php:5.3
dev-lang/php:5.4
dev-lang/spidermonkey:0
dev-lang/vala:0.10
dev-lang/vala:0.12
dev-lang/vala:0.14
dev-lang/yasm:0
dev-libs/atk:0
dev-libs/boost:1.42
dev-libs/boost:1.46
dev-libs/boost:1.47
dev-libs/boost:1.48
dev-libs/dbus-glib:0
dev-libs/folks:0
dev-libs/fribidi:0
dev-libs/gdl:1
dev-libs/gdl:3
dev-libs/gjs:0
dev-libs/gobject-introspection:0
dev-libs/json-glib:0
dev-libs/libIDL:0
dev-libs/libgdata:0
dev-libs/libgee:0
dev-libs/libgee:0.8
dev-libs/libgusb:0
dev-libs/libgweather:2
dev-libs/liboil:0.3
dev-libs/libunique:1
dev-libs/libunique:3
dev-libs/libxml2:2
dev-libs/libxslt:0
dev-libs/mpc:0
dev-libs/openssl:0
dev-libs/openssl:0.9.8
dev-libs/pslib:0
dev-libs/soprano:0
dev-libs/syck:0
dev-libs/zziplib:0
dev-perl/Audio-Extract-PCM:0
dev-perl/Audio-MPD:0
dev-perl/BackPAN-Index:0
dev-perl/Catalyst-Controller-RequestToken:0
dev-perl/Catalyst-Plugin-Authentication:0
dev-perl/Catalyst-Plugin-PageCache:0
dev-perl/Catalyst-Plugin-Session-DynamicExpiry:0
dev-perl/Catalyst-Plugin-Session-PerUser:0
dev-perl/Catalyst-Plugin-Session-State-Cookie:0
dev-perl/Catalyst-Plugin-Session-State-Stash:0
dev-perl/Catalyst-Plugin-Session-State-URI:0
dev-perl/Catalyst-Plugin-Session-Store-BerkeleyDB:0
dev-perl/Catalyst-Plugin-Session-Store-Cache:0
dev-perl/Catalyst-Plugin-Session-Store-DBI:0
dev-perl/Catalyst-Plugin-Session-Store-Delegate:0
dev-perl/Catalyst-Plugin-Session-Store-FastMmap:0
dev-perl/Catalyst-Plugin-Session-Store-Memcached:0
dev-perl/Catalyst-Plugin-XMLRPC:0
dev-perl/Catalyst-Runtime:0
dev-perl/CatalystX-Declare:0
dev-perl/CatalystX-SimpleLogin:0
dev-perl/Config-MVP-Reader-INI:0
dev-perl/Data-Rx:0
dev-perl/Devel-BeginLift:0
dev-perl/Dist-Zilla-App-Command-cover:0
dev-perl/Dist-Zilla-App-Command-dumpphases:0
dev-perl/Dist-Zilla-Plugin-Authority:0
dev-perl/Dist-Zilla-Plugin-AutoVersion-Relative:0
dev-perl/Dist-Zilla-Plugin-CPANChangesTests:0
dev-perl/Dist-Zilla-Plugin-CheckExtraTests:0
dev-perl/Dist-Zilla-Plugin-CheckPrereqsIndexed:0
dev-perl/Dist-Zilla-Plugin-DistManifestTests:0
dev-perl/Dist-Zilla-Plugin-EOLTests:0
dev-perl/Dist-Zilla-Plugin-GithubMeta:0
dev-perl/Dist-Zilla-Plugin-MetaProvides-Class:0
dev-perl/Dist-Zilla-Plugin-MetaProvides-FromFile:0
dev-perl/Dist-Zilla-Plugin-MetaProvides-Package:0
dev-perl/Dist-Zilla-Plugin-MetaProvides:0
dev-perl/Dist-Zilla-Plugin-MinimumPerl:0
dev-perl/Dist-Zilla-Plugin-ModuleInstall:0
dev-perl/Dist-Zilla-Plugin-PerlTidy:0
dev-perl/Dist-Zilla-Plugin-PodWeaver:0
dev-perl/Dist-Zilla-Plugin-PortabilityTests:0
dev-perl/Dist-Zilla-Plugin-ReadmeFromPod:0
dev-perl/Dist-Zilla-Plugin-ReportVersions-Tiny:0
dev-perl/Dist-Zilla-Plugin-Repository:0
dev-perl/Dist-Zilla-Plugin-TaskWeaver:0
dev-perl/Dist-Zilla-Plugin-Test-CPAN-Changes:0
dev-perl/Dist-Zilla-Plugin-Test-Compile:0
dev-perl/Dist-Zilla-Plugin-Test-Kwalitee:0
dev-perl/Dist-Zilla-Plugin-Test-MinimumVersion:0
dev-perl/Dist-Zilla-Plugin-Test-Perl-Critic:0
dev-perl/Dist-Zilla-Plugin-Twitter:0
dev-perl/Dist-Zilla-PluginBundle-RJBS:0
dev-perl/Dist-Zilla-Role-Tempdir:0
dev-perl/Dist-Zilla-Util-EmulatePhase:0
dev-perl/Dist-Zilla-Util-Test-KENTNL:0
dev-perl/Git-CPAN-Patch:0
dev-perl/HTML-FormFu:0
dev-perl/Log-Dispatchouli:0
dev-perl/Modern-Perl:0
dev-perl/Module-CPANTS-Analyse:0
dev-perl/MojoMojo:0
dev-perl/Mojolicious-Plugin-Authentication:0
dev-perl/MooseX-Declare:0
dev-perl/Pod-Elemental-Transformer-WikiDoc:0
dev-perl/Pod-Elemental:0
dev-perl/Pod-Weaver-Plugin-Encoding:0
dev-perl/Pod-Weaver:0
dev-perl/Regexp-Grammars-Common-String:0
dev-perl/Socket-GetAddrInfo:0
dev-perl/String-Errf:0
dev-perl/Task-Catalyst:0
dev-perl/Task-Kensho-CLI:0
dev-perl/Task-Kensho-Exceptions:0
dev-perl/Task-Kensho-ModuleDev:0
dev-perl/Task-Kensho-Scalability:0
dev-perl/Task-Kensho-Testing:0
dev-perl/Task-Kensho-Toolchain:0
dev-perl/Task-Moose:0
dev-perl/Test-Strict:0
dev-perl/Test-WWW-Mechanize-Catalyst:0
dev-perl/WWW-Curl:0
dev-perl/glib-perl:0
dev-perl/gtk2-gladexml:0
dev-perl/perl5i:0
dev-python/Babel:0
dev-python/PyQt4:0
dev-python/argparse:0
dev-python/beautifulsoup:python-2
dev-python/beautifulsoup:python-3
dev-python/dbus-python:0
dev-python/docutils:0
dev-python/imaging:0
dev-python/jaxml:0
dev-python/lxml:0
dev-python/nose:0
dev-python/notify-python:0
dev-python/numpy:0
dev-python/paramiko:0
dev-python/pexpect:0
dev-python/py:0
dev-python/pyatspi:0
dev-python/pycairo:0
dev-python/pycrypto:0
dev-python/pycups:0
dev-python/pycurl:0
dev-python/pygobject:2
dev-python/pygobject:3
dev-python/pygtk:2
dev-python/pyopenssl:0
dev-python/pytest:0
dev-python/pytz:0
dev-python/pyxattr:0
dev-python/pyxdg:0
dev-python/pyxml:0
dev-python/setuptools:0
dev-python/sip:0
dev-python/twisted:0
dev-python/urwid:0
dev-ruby/capybara:0
dev-ruby/mail:2.3
dev-util/anjuta:0
dev-util/boost-build:1.37
dev-util/boost-build:1.39
dev-util/boost-build:1.41
dev-util/boost-build:1.42
dev-util/boost-build:1.46
dev-util/boost-build:1.47
dev-util/boost-build:1.48
dev-util/catalyst:0
dev-util/cmake:0
dev-util/d-feet:0
dev-util/desktop-file-utils:0
dev-util/gdbus-codegen:0
dev-util/glade:3.10
dev-util/gtk-builder-convert:0
dev-util/gtk-doc:0
dev-util/itstool:0
dev-util/nvidia-cuda-toolkit:0
dev-util/pkgconfig:0
dev-util/scons:0
dev-util/xdelta:3
dev-util/xfce4-dev-tools:0
dev-vcs/git:0
dev-vcs/mercurial:0
dev-vcs/subversion:0
games-misc/openmsx:0
gnome-base/dconf:0
gnome-base/gconf:2
gnome-base/gdm:0
gnome-base/gnome-control-center:2
gnome-base/gnome-core-libs:3.0
gnome-base/gnome-desktop:2
gnome-base/gnome-desktop:3
gnome-base/gnome-keyring:0
gnome-base/gnome-menus:0
gnome-base/gnome-menus:3
gnome-base/gnome-panel:0
gnome-base/gnome-session:0
gnome-base/gnome-settings-daemon:0
gnome-base/gnome-shell:0
gnome-base/gnome-vfs:2
gnome-base/gsettings-desktop-schemas:0
gnome-base/gvfs:0
gnome-base/libbonobo:0
gnome-base/libbonoboui:0
gnome-base/libglade:2.0
gnome-base/libgnome:0
gnome-base/libgnomecanvas:0
gnome-base/libgnomekbd:0
gnome-base/libgtop:2
gnome-base/librsvg:2
gnome-base/nautilus:0
gnome-base/orbit:2
gnome-extra/evolution-data-server:0
gnome-extra/libgda:4
gnome-extra/libgda:5
gnome-extra/libgsf:0
gnome-extra/nautilus-sendto:0
gnome-extra/nm-applet:0
gnome-extra/polkit-gnome:0
gnome-extra/sushi:0
gnome-extra/yelp:0
gnome-extra/zenity:0
kde-base/juk:4
kde-base/krosspython:4
kde-base/kscreensaver:4
kde-base/lokalize:4
kde-base/marble:4
kde-base/phonon-kde:4
kde-base/plasma-workspace:4
kde-base/printer-applet:4
kde-base/pykde4:4
kde-base/superkaramba:4
kde-base/system-config-printer-kde:4
kde-base/systemsettings:4
kde-misc/ksplasher:4
mail-client/claws-mail-archive:0
mail-client/claws-mail-rssyl:0
media-gfx/exiv2:0
media-gfx/fbida:0
media-gfx/fontforge:0
media-gfx/gimp:2
media-gfx/graphite2:0
media-gfx/graphviz:0
media-gfx/hugin:0
media-gfx/inkscape:0
media-gfx/uniconvertor:0
media-libs/alsa-lib:0
media-libs/chromaprint:0
media-libs/clutter-gst:1.0
media-libs/clutter:1.0
media-libs/cogl:1.0
media-libs/gegl:0
media-libs/gst-plugins-bad:0
media-libs/gst-plugins-base:0.10
media-libs/gst-plugins-ugly:0.10
media-libs/gstreamer:0.10
media-libs/lcms:0
media-libs/lensfun:0
media-libs/libgpod:0
media-libs/liblqr:0
media-libs/libmms:0
media-libs/libofa:0
media-libs/libopenraw:0
media-libs/mesa:0
media-libs/mlt:0
media-libs/opencv:0
media-libs/phonon:0
media-libs/raptor:0
media-libs/raptor:2
media-libs/sk1libs:0
media-libs/taglib-extras:0
media-libs/tunepimp:0
media-libs/vigra:0
media-plugins/gst-plugins-dts:0.10
media-plugins/gst-plugins-faac:0.10
media-plugins/gst-plugins-faad:0.10
media-plugins/gst-plugins-gio:0.10
media-plugins/gst-plugins-libmms:0.10
media-plugins/gst-plugins-mplex:0.10
media-plugins/gst-plugins-musepack:0.10
media-plugins/gst-plugins-neon:0.10
media-plugins/gst-plugins-ofa:0.10
media-plugins/gst-plugins-resindvd:0.10
media-plugins/gst-plugins-taglib:0.10
media-plugins/gst-plugins-vp8:0.10
media-sound/amarok:4
media-sound/boodler:0
media-sound/clementine:0
media-sound/fluidsynth:0
media-sound/gogglesmm:0
media-sound/kid3:4
media-sound/lash:0
media-sound/lilypond:0
media-sound/mpd:0
media-sound/pulseaudio:0
media-sound/timidity++:0
media-sound/tuxguitar:0
media-sound/vorbis-tools:0
media-video/cheese:0
media-video/mplayer:0
media-video/xine-ui:0
net-analyzer/ettercap:0
net-analyzer/nmap:0
net-analyzer/rrdtool:0
net-analyzer/wireshark:0
net-dialup/ppp:0
net-dns/avahi:0
net-fs/nfs-utils:0
net-im/bitlbee:0
net-im/psimedia:0
net-im/skype:0
net-im/telepathy-logger:0
net-im/telepathy-mission-control:0
net-irc/irssi:0
net-libs/glib-networking:0
net-libs/gnome-online-accounts:0
net-libs/liboauth:0
net-libs/libproxy:0
net-libs/libsocialweb:0
net-libs/libsoup:2.4
net-libs/loudmouth:0
net-libs/rest:0.7
net-libs/webkit-gtk:2
net-libs/webkit-gtk:3
net-libs/xulrunner:1.9
net-misc/modemmanager:0
net-misc/networkmanager:0
net-misc/remmina:0
net-misc/wicd:0
net-misc/youtube-dl:0
net-p2p/ktorrent:4
net-p2p/rtorrent:0
net-print/cups:0
net-wireless/bluez:0
net-wireless/gnome-bluetooth:2
net-zope/zope-fixers:0
net-zope/zope-interface:0
sci-geosciences/googleearth:0
sci-libs/flann:0
sci-libs/libqalculate:0
sys-apps/accountsservice:0
sys-apps/dbus:0
sys-apps/file:0
sys-apps/gnome-disk-utility:0
sys-apps/irqbalance:0
sys-apps/paludis:0
sys-apps/portage:0
sys-apps/usbutils:0
sys-auth/consolekit:0
sys-auth/polkit-qt:0
sys-auth/polkit:0
sys-block/gparted:0
sys-block/nbd:0
sys-block/parted:0
sys-devel/gdb:0
sys-fs/cryptsetup:0
sys-fs/dmraid:0
sys-fs/multipath-tools:0
sys-fs/sshfs-fuse:0
sys-fs/udev:0
sys-fs/udiskie:0
sys-fs/udisks-glue:0
sys-fs/udisks:0
sys-libs/cracklib:0
sys-libs/glibc:2.2
sys-libs/ldb:0
sys-libs/libcap-ng:0
sys-libs/libieee1284:0
sys-libs/talloc:0
sys-libs/tdb:0
sys-libs/tevent:0
sys-power/upower:0
sys-process/iotop:0
sys-process/latencytop:0
virtual/krb5:0
www-client/firefox:0
www-client/midori:0
www-client/seamonkey:0
www-plugins/nspluginwrapper:0
x11-base/xorg-server:0
x11-base/xorg-x11:0
x11-libs/cairo:0
x11-libs/gdk-pixbuf:2
x11-libs/gtk+:2
x11-libs/gtk+:3
x11-libs/gtkglext:0
x11-libs/gtksourceview:2.0
x11-libs/gtksourceview:3.0
x11-libs/libnotify:0
x11-libs/libwnck:1
x11-libs/libwnck:3
x11-libs/libxklavier:0
x11-libs/mx:1.0
x11-libs/pango:0
x11-libs/qt-core:4
x11-libs/qt-webkit:4
x11-libs/vte:0
x11-libs/vte:2.90
x11-libs/wxGTK:2.8
x11-libs/wxGTK:2.9
x11-misc/colord:0
x11-misc/denu:0
x11-misc/notification-daemon:0
x11-misc/obmenu:0
x11-misc/redshift:0
x11-misc/shared-mime-info:0
x11-misc/xkeyboard-config:0
x11-plugins/docker:0
x11-proto/xcb-proto:0
x11-terms/gnome-terminal:0
x11-themes/gtk-engines-murrine:0
x11-themes/gtk-engines-unico:0
x11-themes/gtk-engines-xfce:0
x11-themes/gtk-engines-xfce:3
x11-themes/sound-theme-freedesktop:0
x11-wm/awesome:0
x11-wm/metacity:0
x11-wm/mutter:0
x11-wm/openbox:3
xfce-base/libxfce4util:0
xfce-base/libxfcegui4:0
